<?xml version="1.0" encoding="UTF-8" ?>
<testsuite tests="11" failures="0" name="TestSuite" time="61.338" errors="0" skipped="0">
  <properties>
[...]
</properties>
  <testcase classname="com.javacodegeeks.testng.selenium.TestNGExample" name="TestExample" time="6.779"/>
  <testcase classname="com.javacodegeeks.testng.selenium.TestNGSeleniumDataDrivenSearchExample" name="searchGoogle" time="3.574"/>
  <testcase classname="com.javacodegeeks.testng.selenium.TestNGSeleniumDataDrivenSearchExample" name="searchGoogle" time="2.663"/>
  <testcase classname="com.javacodegeeks.testng.selenium.TestNGSeleniumSimpleSearchExample" name="searchTestNGInGoogle" time="1.688"/>
  <testcase classname="com.javacodegeeks.testng.selenium.TestNGSeleniumDriverInjectionExample" name="searchGoogle" time="1.687"/>
  <testcase classname="com.javacodegeeks.testng.selenium.TestNGSeleniumDependentMethodExample" name="searchTestNGInJCG" time="13.187"/>
  <testcase classname="com.javacodegeeks.testng.selenium.TestNGSeleniumDependentMethodExample" name="clickOnJCGTestNGArticle" time="1.575"/>
  <testcase classname="com.javacodegeeks.testng.selenium.TestNGSeleniumBrowserCfgExample" name="searchGoogle" time="4.133"/>
  <testcase classname="com.javacodegeeks.testng.selenium.TestNGSeleniumBrowserCfgExample" name="searchGoogle" time="1.914"/>
  <testcase classname="com.javacodegeeks.testng.selenium.TestNGSeleniumBrowserCfgExample" name="searchGoogle" time="2.033"/>
  <testcase classname="com.javacodegeeks.testng.selenium.TestNGSeleniumBrowserCfgExample" name="searchGoogle" time="2.862"/>
</testsuite>