<?xml version="1.0" encoding="UTF-8"?>
<testsuite name="Test"
           tests="2"
           failures="0"
           errors="0"
           skipped="0"
           time="6.237">
  <properties />
  
  
            <testcase name="searchGoogle" time="3.574" classname="com.javacodegeeks.testng.selenium.TestNGSeleniumDataDrivenSearchExample" />
                <testcase name="searchGoogle" time="2.663" classname="com.javacodegeeks.testng.selenium.TestNGSeleniumDataDrivenSearchExample" />
      
</testsuite>
