<?xml version="1.0" encoding="UTF-8"?>
<testsuite name="TestNgSeleniumChromeTest"
           tests="2"
           failures="0"
           errors="0"
           skipped="0"
           time="6.049">
  <properties />
  
  
            <testcase name="searchGoogle" time="4.136" classname="com.javacodegeeks.testng.selenium.TestNGSeleniumBrowserCfgExample" />
                <testcase name="searchGoogle" time="1.913" classname="com.javacodegeeks.testng.selenium.TestNGSeleniumBrowserCfgExample" />
      
</testsuite>
