<?xml version="1.0" encoding="UTF-8"?>
<testsuite name="Test"
           tests="2"
           failures="0"
           errors="0"
           skipped="0"
           time="14.761">
  <properties />
  
  
            <testcase name="clickOnJCGTestNGArticle" time="1.575" classname="com.javacodegeeks.testng.selenium.TestNGSeleniumDependentMethodExample" />
                <testcase name="searchTestNGInJCG" time="13.186" classname="com.javacodegeeks.testng.selenium.TestNGSeleniumDependentMethodExample" />
      
</testsuite>
